<?xml version="1.0" encoding="UTF-8"?>
<testng-results ignored="0" total="1" passed="1" failed="0" skipped="0">
  <reporter-output>
  </reporter-output>
  <suite started-at="2025-02-19T16:45:40 CET" name="Default suite" finished-at="2025-02-19T16:46:09 CET" duration-ms="29406">
    <groups>
    </groups>
    <test started-at="2025-02-19T16:45:40 CET" name="Default test" finished-at="2025-02-19T16:46:09 CET" duration-ms="29406">
      <class name="core.tests.EmptySCTest">
        <test-method is-config="true" signature="setup()[pri:0, instance:core.tests.EmptySCTest@6c1a5b54]" started-at="2025-02-19T16:45:40 CET" name="setup" finished-at="2025-02-19T16:45:45 CET" duration-ms="4839" status="PASS">
          <reporter-output>
          </reporter-output>
        </test-method> <!-- setup -->
        <test-method is-config="true" signature="signInToLuma()[pri:0, instance:core.tests.EmptySCTest@6c1a5b54]" started-at="2025-02-19T16:45:45 CET" name="signInToLuma" finished-at="2025-02-19T16:45:50 CET" duration-ms="5109" status="PASS">
          <reporter-output>
          </reporter-output>
        </test-method> <!-- signInToLuma -->
        <test-method signature="testEmptyShoppingCart()[pri:0, instance:core.tests.EmptySCTest@6c1a5b54]" started-at="2025-02-19T16:45:50 CET" name="testEmptyShoppingCart" finished-at="2025-02-19T16:46:09 CET" duration-ms="19400" status="PASS">
          <reporter-output>
          </reporter-output>
        </test-method> <!-- testEmptyShoppingCart -->
        <test-method is-config="true" signature="teardown()[pri:0, instance:core.tests.EmptySCTest@6c1a5b54]" started-at="2025-02-19T16:46:09 CET" name="teardown" finished-at="2025-02-19T16:46:09 CET" duration-ms="0" status="PASS">
          <reporter-output>
          </reporter-output>
        </test-method> <!-- teardown -->
      </class> <!-- core.tests.EmptySCTest -->
    </test> <!-- Default test -->
  </suite> <!-- Default suite -->
</testng-results>
